# JRE version: OpenJDK Runtime Environment Temurin-11.0.12+7 (11.0.12+7) (build 11.0.12+7)
# Java VM: OpenJDK 64-Bit Server VM Temurin-11.0.12+7 (11.0.12+7, mixed mode, tiered, compressed oops, parallel gc, windows-amd64)
Heap:
 PSYoungGen      total 20480K, used 0K [0x00000000eab00000, 0x00000000ec200000, 0x0000000100000000)
  eden space 19968K, 0% used [0x00000000eab00000,0x00000000eab00000,0x00000000ebe80000)
  from space 512K, 0% used [0x00000000ebf80000,0x00000000ebf80000,0x00000000ec000000)
  to   space 1024K, 0% used [0x00000000ec100000,0x00000000ec100000,0x00000000ec200000)
 ParOldGen       total 68608K, used 24510K [0x00000000c0000000, 0x00000000c4300000, 0x00000000eab00000)
  object space 68608K, 35% used [0x00000000c0000000,0x00000000c17efb18,0x00000000c4300000)
 Metaspace       used 33287K, capacity 35312K, committed 35672K, reserved 1081344K
  class space    used 3156K, capacity 3882K, committed 3968K, reserved 1048576K
GC Heap History (20 events):
Event: 7.524 GC heap before
{Heap before GC invocations=8 (full 1):
 PSYoungGen      total 27136K, used 27128K [0x00000000eab00000, 0x00000000ec900000, 0x0000000100000000)
  eden space 24576K, 100% used [0x00000000eab00000,0x00000000ec300000,0x00000000ec300000)
  from space 2560K, 99% used [0x00000000ec600000,0x00000000ec87e1a8,0x00000000ec880000)
  to   space 3072K, 0% used [0x00000000ec300000,0x00000000ec300000,0x00000000ec600000)
 ParOldGen       total 68608K, used 6251K [0x00000000c0000000, 0x00000000c4300000, 0x00000000eab00000)
  object space 68608K, 9% used [0x00000000c0000000,0x00000000c061afa0,0x00000000c4300000)
 Metaspace       used 30776K, capacity 32629K, committed 32896K, reserved 1079296K
  class space    used 2954K, capacity 3671K, committed 3712K, reserved 1048576K
}
Event: 7.531 GC heap after
{Heap after GC invocations=8 (full 1):
 PSYoungGen      total 27136K, used 3059K [0x00000000eab00000, 0x00000000ecb80000, 0x0000000100000000)
  eden space 24064K, 0% used [0x00000000eab00000,0x00000000eab00000,0x00000000ec280000)
  from space 3072K, 99% used [0x00000000ec300000,0x00000000ec5fcea8,0x00000000ec600000)
  to   space 4608K, 0% used [0x00000000ec700000,0x00000000ec700000,0x00000000ecb80000)
 ParOldGen       total 68608K, used 7295K [0x00000000c0000000, 0x00000000c4300000, 0x00000000eab00000)
  object space 68608K, 10% used [0x00000000c0000000,0x00000000c071fed0,0x00000000c4300000)
 Metaspace       used 30776K, capacity 32629K, committed 32896K, reserved 1079296K
  class space    used 2954K, capacity 3671K, committed 3712K, reserved 1048576K
}
Event: 8.160 GC heap before
{Heap before GC invocations=9 (full 1):
 PSYoungGen      total 27136K, used 27123K [0x00000000eab00000, 0x00000000ecb80000, 0x0000000100000000)
  eden space 24064K, 100% used [0x00000000eab00000,0x00000000ec280000,0x00000000ec280000)
  from space 3072K, 99% used [0x00000000ec300000,0x00000000ec5fcea8,0x00000000ec600000)
  to   space 4608K, 0% used [0x00000000ec700000,0x00000000ec700000,0x00000000ecb80000)
 ParOldGen       total 68608K, used 7295K [0x00000000c0000000, 0x00000000c4300000, 0x00000000eab00000)
  object space 68608K, 10% used [0x00000000c0000000,0x00000000c071fed0,0x00000000c4300000)
 Metaspace       used 31123K, capacity 33011K, committed 33280K, reserved 1079296K
  class space    used 3000K, capacity 3713K, committed 3840K, reserved 1048576K
}
Event: 8.173 GC heap after
{Heap after GC invocations=9 (full 1):
 PSYoungGen      total 27648K, used 4598K [0x00000000eab00000, 0x00000000ecd00000, 0x0000000100000000)
  eden space 23040K, 0% used [0x00000000eab00000,0x00000000eab00000,0x00000000ec180000)
  from space 4608K, 99% used [0x00000000ec700000,0x00000000ecb7d948,0x00000000ecb80000)
  to   space 5632K, 0% used [0x00000000ec180000,0x00000000ec180000,0x00000000ec700000)
 ParOldGen       total 68608K, used 7935K [0x00000000c0000000, 0x00000000c4300000, 0x00000000eab00000)
  object space 68608K, 11% used [0x00000000c0000000,0x00000000c07bfee0,0x00000000c4300000)
 Metaspace       used 31123K, capacity 33011K, committed 33280K, reserved 1079296K
  class space    used 3000K, capacity 3713K, committed 3840K, reserved 1048576K
}
Event: 8.661 GC heap before
{Heap before GC invocations=10 (full 1):
 PSYoungGen      total 27648K, used 27638K [0x00000000eab00000, 0x00000000ecd00000, 0x0000000100000000)
  eden space 23040K, 100% used [0x00000000eab00000,0x00000000ec180000,0x00000000ec180000)
  from space 4608K, 99% used [0x00000000ec700000,0x00000000ecb7d948,0x00000000ecb80000)
  to   space 5632K, 0% used [0x00000000ec180000,0x00000000ec180000,0x00000000ec700000)
 ParOldGen       total 68608K, used 7935K [0x00000000c0000000, 0x00000000c4300000, 0x00000000eab00000)
  object space 68608K, 11% used [0x00000000c0000000,0x00000000c07bfee0,0x00000000c4300000)
 Metaspace       used 31163K, capacity 33075K, committed 33280K, reserved 1079296K
  class space    used 3000K, capacity 3713K, committed 3840K, reserved 1048576K
}
Event: 8.693 GC heap after
{Heap after GC invocations=10 (full 1):
 PSYoungGen      total 27648K, used 4827K [0x00000000eab00000, 0x00000000ecb00000, 0x0000000100000000)
  eden space 22528K, 0% used [0x00000000eab00000,0x00000000eab00000,0x00000000ec100000)
  from space 5120K, 94% used [0x00000000ec180000,0x00000000ec636d30,0x00000000ec680000)
  to   space 4608K, 0% used [0x00000000ec680000,0x00000000ec680000,0x00000000ecb00000)
 ParOldGen       total 68608K, used 9846K [0x00000000c0000000, 0x00000000c4300000, 0x00000000eab00000)
  object space 68608K, 14% used [0x00000000c0000000,0x00000000c099db30,0x00000000c4300000)
 Metaspace       used 31163K, capacity 33075K, committed 33280K, reserved 1079296K
  class space    used 3000K, capacity 3713K, committed 3840K, reserved 1048576K
}
Event: 8.835 GC heap before
{Heap before GC invocations=11 (full 1):
 PSYoungGen      total 27648K, used 27355K [0x00000000eab00000, 0x00000000ecb00000, 0x0000000100000000)
  eden space 22528K, 100% used [0x00000000eab00000,0x00000000ec100000,0x00000000ec100000)
  from space 5120K, 94% used [0x00000000ec180000,0x00000000ec636d30,0x00000000ec680000)
  to   space 4608K, 0% used [0x00000000ec680000,0x00000000ec680000,0x00000000ecb00000)
 ParOldGen       total 68608K, used 9846K [0x00000000c0000000, 0x00000000c4300000, 0x00000000eab00000)
  object space 68608K, 14% used [0x00000000c0000000,0x00000000c099db30,0x00000000c4300000)
 Metaspace       used 31339K, capacity 33268K, committed 33536K, reserved 1079296K
  class space    used 3013K, capacity 3713K, committed 3840K, reserved 1048576K
}
Event: 8.843 GC heap after
{Heap after GC invocations=11 (full 1):
 PSYoungGen      total 24576K, used 4594K [0x00000000eab00000, 0x00000000ed080000, 0x0000000100000000)
  eden space 19968K, 0% used [0x00000000eab00000,0x00000000eab00000,0x00000000ebe80000)
  from space 4608K, 99% used [0x00000000ec680000,0x00000000ecafcb38,0x00000000ecb00000)
  to   space 8192K, 0% used [0x00000000ebe80000,0x00000000ebe80000,0x00000000ec680000)
 ParOldGen       total 68608K, used 12519K [0x00000000c0000000, 0x00000000c4300000, 0x00000000eab00000)
  object space 68608K, 18% used [0x00000000c0000000,0x00000000c0c39e08,0x00000000c4300000)
 Metaspace       used 31339K, capacity 33268K, committed 33536K, reserved 1079296K
  class space    used 3013K, capacity 3713K, committed 3840K, reserved 1048576K
}
Event: 8.904 GC heap before
{Heap before GC invocations=12 (full 1):
 PSYoungGen      total 24576K, used 24562K [0x00000000eab00000, 0x00000000ed080000, 0x0000000100000000)
  eden space 19968K, 100% used [0x00000000eab00000,0x00000000ebe80000,0x00000000ebe80000)
  from space 4608K, 99% used [0x00000000ec680000,0x00000000ecafcb38,0x00000000ecb00000)
  to   space 8192K, 0% used [0x00000000ebe80000,0x00000000ebe80000,0x00000000ec680000)
 ParOldGen       total 68608K, used 12519K [0x00000000c0000000, 0x00000000c4300000, 0x00000000eab00000)
  object space 68608K, 18% used [0x00000000c0000000,0x00000000c0c39e08,0x00000000c4300000)
 Metaspace       used 31340K, capacity 33268K, committed 33536K, reserved 1079296K
  class space    used 3013K, capacity 3713K, committed 3840K, reserved 1048576K
}
Event: 8.914 GC heap after
{Heap after GC invocations=12 (full 1):
 PSYoungGen      total 22528K, used 2080K [0x00000000eab00000, 0x00000000ec700000, 0x0000000100000000)
  eden space 19968K, 0% used [0x00000000eab00000,0x00000000eab00000,0x00000000ebe80000)
  from space 2560K, 81% used [0x00000000ebe80000,0x00000000ec088000,0x00000000ec100000)
  to   space 4096K, 0% used [0x00000000ec300000,0x00000000ec300000,0x00000000ec700000)
 ParOldGen       total 68608K, used 17114K [0x00000000c0000000, 0x00000000c4300000, 0x00000000eab00000)
  object space 68608K, 24% used [0x00000000c0000000,0x00000000c10b6a60,0x00000000c4300000)
 Metaspace       used 31340K, capacity 33268K, committed 33536K, reserved 1079296K
  class space    used 3013K, capacity 3713K, committed 3840K, reserved 1048576K
}
Event: 9.006 GC heap before
{Heap before GC invocations=13 (full 1):
 PSYoungGen      total 22528K, used 22048K [0x00000000eab00000, 0x00000000ec700000, 0x0000000100000000)
  eden space 19968K, 100% used [0x00000000eab00000,0x00000000ebe80000,0x00000000ebe80000)
  from space 2560K, 81% used [0x00000000ebe80000,0x00000000ec088000,0x00000000ec100000)
  to   space 4096K, 0% used [0x00000000ec300000,0x00000000ec300000,0x00000000ec700000)
 ParOldGen       total 68608K, used 17114K [0x00000000c0000000, 0x00000000c4300000, 0x00000000eab00000)
  object space 68608K, 24% used [0x00000000c0000000,0x00000000c10b6a60,0x00000000c4300000)
 Metaspace       used 31340K, capacity 33268K, committed 33536K, reserved 1079296K
  class space    used 3013K, capacity 3713K, committed 3840K, reserved 1048576K
}
Event: 9.019 GC heap after
{Heap after GC invocations=13 (full 1):
 PSYoungGen      total 22528K, used 2368K [0x00000000eab00000, 0x00000000ec580000, 0x0000000100000000)
  eden space 19968K, 0% used [0x00000000eab00000,0x00000000eab00000,0x00000000ebe80000)
  from space 2560K, 92% used [0x00000000ec300000,0x00000000ec550010,0x00000000ec580000)
  to   space 3072K, 0% used [0x00000000ebf80000,0x00000000ebf80000,0x00000000ec280000)
 ParOldGen       total 68608K, used 19146K [0x00000000c0000000, 0x00000000c4300000, 0x00000000eab00000)
  object space 68608K, 27% used [0x00000000c0000000,0x00000000c12b2a60,0x00000000c4300000)
 Metaspace       used 31340K, capacity 33268K, committed 33536K, reserved 1079296K
  class space    used 3013K, capacity 3713K, committed 3840K, reserved 1048576K
}
Event: 9.090 GC heap before
{Heap before GC invocations=14 (full 1):
 PSYoungGen      total 22528K, used 22336K [0x00000000eab00000, 0x00000000ec580000, 0x0000000100000000)
  eden space 19968K, 100% used [0x00000000eab00000,0x00000000ebe80000,0x00000000ebe80000)
  from space 2560K, 92% used [0x00000000ec300000,0x00000000ec550010,0x00000000ec580000)
  to   space 3072K, 0% used [0x00000000ebf80000,0x00000000ebf80000,0x00000000ec280000)
 ParOldGen       total 68608K, used 19146K [0x00000000c0000000, 0x00000000c4300000, 0x00000000eab00000)
  object space 68608K, 27% used [0x00000000c0000000,0x00000000c12b2a60,0x00000000c4300000)
 Metaspace       used 31377K, capacity 33309K, committed 33536K, reserved 1079296K
  class space    used 3021K, capacity 3748K, committed 3840K, reserved 1048576K
}
Event: 9.097 GC heap after
{Heap after GC invocations=14 (full 1):
 PSYoungGen      total 22016K, used 1984K [0x00000000eab00000, 0x00000000ec380000, 0x0000000100000000)
  eden space 19968K, 0% used [0x00000000eab00000,0x00000000eab00000,0x00000000ebe80000)
  from space 2048K, 96% used [0x00000000ebf80000,0x00000000ec170000,0x00000000ec180000)
  to   space 2048K, 0% used [0x00000000ec180000,0x00000000ec180000,0x00000000ec380000)
 ParOldGen       total 68608K, used 21480K [0x00000000c0000000, 0x00000000c4300000, 0x00000000eab00000)
  object space 68608K, 31% used [0x00000000c0000000,0x00000000c14fa2f0,0x00000000c4300000)
 Metaspace       used 31377K, capacity 33309K, committed 33536K, reserved 1079296K
  class space    used 3021K, capacity 3748K, committed 3840K, reserved 1048576K
}
Event: 9.462 GC heap before
{Heap before GC invocations=15 (full 1):
 PSYoungGen      total 22016K, used 21938K [0x00000000eab00000, 0x00000000ec380000, 0x0000000100000000)
  eden space 19968K, 99% used [0x00000000eab00000,0x00000000ebe7c840,0x00000000ebe80000)
  from space 2048K, 96% used [0x00000000ebf80000,0x00000000ec170000,0x00000000ec180000)
  to   space 2048K, 0% used [0x00000000ec180000,0x00000000ec180000,0x00000000ec380000)
 ParOldGen       total 68608K, used 21480K [0x00000000c0000000, 0x00000000c4300000, 0x00000000eab00000)
  object space 68608K, 31% used [0x00000000c0000000,0x00000000c14fa2f0,0x00000000c4300000)
 Metaspace       used 32723K, capacity 34736K, committed 34816K, reserved 1081344K
  class space    used 3084K, capacity 3818K, committed 3840K, reserved 1048576K
}
Event: 9.470 GC heap after
{Heap after GC invocations=15 (full 1):
 PSYoungGen      total 22016K, used 1628K [0x00000000eab00000, 0x00000000ec380000, 0x0000000100000000)
  eden space 19968K, 0% used [0x00000000eab00000,0x00000000eab00000,0x00000000ebe80000)
  from space 2048K, 79% used [0x00000000ec180000,0x00000000ec3171c8,0x00000000ec380000)
  to   space 2048K, 0% used [0x00000000ebf80000,0x00000000ebf80000,0x00000000ec180000)
 ParOldGen       total 68608K, used 23453K [0x00000000c0000000, 0x00000000c4300000, 0x00000000eab00000)
  object space 68608K, 34% used [0x00000000c0000000,0x00000000c16e7648,0x00000000c4300000)
 Metaspace       used 32723K, capacity 34736K, committed 34816K, reserved 1081344K
  class space    used 3084K, capacity 3818K, committed 3840K, reserved 1048576K
}
Event: 9.514 GC heap before
{Heap before GC invocations=16 (full 1):
 PSYoungGen      total 22016K, used 5348K [0x00000000eab00000, 0x00000000ec380000, 0x0000000100000000)
  eden space 19968K, 18% used [0x00000000eab00000,0x00000000eaea1e48,0x00000000ebe80000)
  from space 2048K, 79% used [0x00000000ec180000,0x00000000ec3171c8,0x00000000ec380000)
  to   space 2048K, 0% used [0x00000000ebf80000,0x00000000ebf80000,0x00000000ec180000)
 ParOldGen       total 68608K, used 23453K [0x00000000c0000000, 0x00000000c4300000, 0x00000000eab00000)
  object space 68608K, 34% used [0x00000000c0000000,0x00000000c16e7648,0x00000000c4300000)
 Metaspace       used 33272K, capacity 35248K, committed 35416K, reserved 1081344K
  class space    used 3156K, capacity 3882K, committed 3968K, reserved 1048576K
}
Event: 9.525 GC heap after
{Heap after GC invocations=16 (full 1):
 PSYoungGen      total 20480K, used 64K [0x00000000eab00000, 0x00000000ec200000, 0x0000000100000000)
  eden space 19968K, 0% used [0x00000000eab00000,0x00000000eab00000,0x00000000ebe80000)
  from space 512K, 12% used [0x00000000ebf80000,0x00000000ebf90000,0x00000000ec000000)
  to   space 1024K, 0% used [0x00000000ec100000,0x00000000ec100000,0x00000000ec200000)
 ParOldGen       total 68608K, used 25000K [0x00000000c0000000, 0x00000000c4300000, 0x00000000eab00000)
  object space 68608K, 36% used [0x00000000c0000000,0x00000000c186a0b8,0x00000000c4300000)
 Metaspace       used 33272K, capacity 35248K, committed 35416K, reserved 1081344K
  class space    used 3156K, capacity 3882K, committed 3968K, reserved 1048576K
}
Event: 9.525 GC heap before
{Heap before GC invocations=17 (full 2):
 PSYoungGen      total 20480K, used 64K [0x00000000eab00000, 0x00000000ec200000, 0x0000000100000000)
  eden space 19968K, 0% used [0x00000000eab00000,0x00000000eab00000,0x00000000ebe80000)
  from space 512K, 12% used [0x00000000ebf80000,0x00000000ebf90000,0x00000000ec000000)
  to   space 1024K, 0% used [0x00000000ec100000,0x00000000ec100000,0x00000000ec200000)
 ParOldGen       total 68608K, used 25000K [0x00000000c0000000, 0x00000000c4300000, 0x00000000eab00000)
  object space 68608K, 36% used [0x00000000c0000000,0x00000000c186a0b8,0x00000000c4300000)
 Metaspace       used 33272K, capacity 35248K, committed 35416K, reserved 1081344K
  class space    used 3156K, capacity 3882K, committed 3968K, reserved 1048576K
}
Event: 9.792 GC heap after
{Heap after GC invocations=17 (full 2):
 PSYoungGen      total 20480K, used 0K [0x00000000eab00000, 0x00000000ec200000, 0x0000000100000000)
  eden space 19968K, 0% used [0x00000000eab00000,0x00000000eab00000,0x00000000ebe80000)
  from space 512K, 0% used [0x00000000ebf80000,0x00000000ebf80000,0x00000000ec000000)
  to   space 1024K, 0% used [0x00000000ec100000,0x00000000ec100000,0x00000000ec200000)
 ParOldGen       total 68608K, used 24510K [0x00000000c0000000, 0x00000000c4300000, 0x00000000eab00000)
  object space 68608K, 35% used [0x00000000c0000000,0x00000000c17efb18,0x00000000c4300000)
 Metaspace       used 33272K, capacity 35248K, committed 35416K, reserved 1081344K
  class space    used 3156K, capacity 3882K, committed 3968K, reserved 1048576K
}

